[2018-10-28T14:41:06,614][WARN ][o.e.d.s.ScriptModule     ] Script: returning default values for missing document values is deprecated. Set system property '-Des.scripting.exception_for_missing_value=true' to make behaviour compatible with future major versions.
[2018-10-28T14:42:34,647][WARN ][o.e.d.a.a.i.t.p.PutIndexTemplateRequest] Deprecated field [template] used, replaced by [index_patterns]
[2018-10-28T14:42:35,839][WARN ][o.e.d.a.a.i.t.p.PutIndexTemplateRequest] Deprecated field [template] used, replaced by [index_patterns]
[2018-10-28T14:42:36,172][WARN ][o.e.d.a.a.i.t.p.PutIndexTemplateRequest] Deprecated field [template] used, replaced by [index_patterns]
[2018-10-28T15:39:26,196][WARN ][o.e.d.c.m.MetaDataCreateIndexService] the default number of shards will change from [5] to [1] in 7.0.0; if you wish to continue using the default of [5] shards, you must manage this on the create index request or with an index template
[2018-10-28T15:52:29,080][WARN ][o.e.d.c.m.MetaDataCreateIndexService] the default number of shards will change from [5] to [1] in 7.0.0; if you wish to continue using the default of [5] shards, you must manage this on the create index request or with an index template
[2018-10-28T15:52:50,486][WARN ][o.e.d.a.a.i.t.p.PutIndexTemplateRequest] Deprecated field [template] used, replaced by [index_patterns]
[2018-10-28T15:52:51,169][WARN ][o.e.d.a.a.i.t.p.PutIndexTemplateRequest] Deprecated field [template] used, replaced by [index_patterns]
[2018-10-28T15:52:52,450][WARN ][o.e.d.a.a.i.t.p.PutIndexTemplateRequest] Deprecated field [template] used, replaced by [index_patterns]
[2018-10-28T15:56:17,171][WARN ][o.e.d.a.a.i.t.p.PutIndexTemplateRequest] Deprecated field [template] used, replaced by [index_patterns]
[2018-10-28T15:56:34,367][WARN ][o.e.d.c.ParseField       ] Deprecated field [all_fields] used, replaced by [Set [fields] to `*` instead]
[2018-10-28T15:56:34,533][WARN ][o.e.d.c.ParseField       ] Deprecated field [inline] used, expected [source] instead
[2018-10-28T15:56:56,247][WARN ][o.e.d.c.ParseField       ] Deprecated field [all_fields] used, replaced by [Set [fields] to `*` instead]
[2018-10-28T15:56:56,260][WARN ][o.e.d.c.ParseField       ] Deprecated field [inline] used, expected [source] instead
[2018-10-28T15:58:30,841][WARN ][o.e.d.c.ParseField       ] Deprecated field [all_fields] used, replaced by [Set [fields] to `*` instead]
[2018-10-28T15:58:30,862][WARN ][o.e.d.c.ParseField       ] Deprecated field [inline] used, expected [source] instead
[2018-10-28T15:59:16,076][WARN ][o.e.d.a.a.i.t.p.PutIndexTemplateRequest] Deprecated field [template] used, replaced by [index_patterns]
[2018-10-28T15:59:41,572][WARN ][o.e.d.c.ParseField       ] Deprecated field [all_fields] used, replaced by [Set [fields] to `*` instead]
[2018-10-28T15:59:41,585][WARN ][o.e.d.c.ParseField       ] Deprecated field [inline] used, expected [source] instead
[2018-10-28T16:00:05,142][WARN ][o.e.d.c.ParseField       ] Deprecated field [all_fields] used, replaced by [Set [fields] to `*` instead]
[2018-10-28T16:00:05,157][WARN ][o.e.d.c.ParseField       ] Deprecated field [inline] used, expected [source] instead
[2018-10-28T16:00:14,900][WARN ][o.e.d.a.a.i.t.p.PutIndexTemplateRequest] Deprecated field [template] used, replaced by [index_patterns]
[2018-10-28T16:00:17,079][WARN ][o.e.d.c.ParseField       ] Deprecated field [all_fields] used, replaced by [Set [fields] to `*` instead]
[2018-10-28T16:00:17,090][WARN ][o.e.d.c.ParseField       ] Deprecated field [inline] used, expected [source] instead
[2018-10-28T16:00:34,402][WARN ][o.e.d.c.ParseField       ] Deprecated field [all_fields] used, replaced by [Set [fields] to `*` instead]
[2018-10-28T16:00:34,410][WARN ][o.e.d.c.ParseField       ] Deprecated field [inline] used, expected [source] instead
[2018-10-28T16:01:35,208][WARN ][o.e.d.a.a.i.t.p.PutIndexTemplateRequest] Deprecated field [template] used, replaced by [index_patterns]
[2018-10-28T16:01:35,555][WARN ][o.e.d.a.a.i.t.p.PutIndexTemplateRequest] Deprecated field [template] used, replaced by [index_patterns]
[2018-10-28T16:01:59,062][WARN ][o.e.d.a.a.i.t.p.PutIndexTemplateRequest] Deprecated field [template] used, replaced by [index_patterns]
[2018-10-28T16:02:27,126][WARN ][o.e.d.a.a.i.t.p.PutIndexTemplateRequest] Deprecated field [template] used, replaced by [index_patterns]
[2018-10-28T16:24:03,116][WARN ][o.e.d.c.m.MetaDataCreateIndexService] the default number of shards will change from [5] to [1] in 7.0.0; if you wish to continue using the default of [5] shards, you must manage this on the create index request or with an index template
[2018-10-28T16:35:15,790][WARN ][o.e.d.c.m.MetaDataCreateIndexService] the default number of shards will change from [5] to [1] in 7.0.0; if you wish to continue using the default of [5] shards, you must manage this on the create index request or with an index template
[2018-10-28T16:36:28,763][WARN ][o.e.d.a.a.i.t.p.PutIndexTemplateRequest] Deprecated field [template] used, replaced by [index_patterns]
[2018-10-28T16:36:30,015][WARN ][o.e.d.a.a.i.t.p.PutIndexTemplateRequest] Deprecated field [template] used, replaced by [index_patterns]
[2018-10-28T16:36:43,332][WARN ][o.e.d.a.a.i.t.p.PutIndexTemplateRequest] Deprecated field [template] used, replaced by [index_patterns]
[2018-10-28T17:03:37,238][WARN ][o.e.d.a.a.i.t.p.PutIndexTemplateRequest] Deprecated field [template] used, replaced by [index_patterns]
[2018-10-28T17:03:50,047][WARN ][o.e.d.a.a.i.t.p.PutIndexTemplateRequest] Deprecated field [template] used, replaced by [index_patterns]
[2018-10-28T17:58:56,017][WARN ][o.e.d.c.ParseField       ] Deprecated field [all_fields] used, replaced by [Set [fields] to `*` instead]
[2018-10-28T17:58:56,033][WARN ][o.e.d.c.ParseField       ] Deprecated field [inline] used, expected [source] instead
[2018-10-28T19:45:14,740][WARN ][o.e.d.a.a.i.t.p.PutIndexTemplateRequest] Deprecated field [template] used, replaced by [index_patterns]
[2018-10-28T19:45:50,138][WARN ][o.e.d.a.a.i.t.p.PutIndexTemplateRequest] Deprecated field [template] used, replaced by [index_patterns]
[2018-10-28T19:47:55,423][WARN ][o.e.d.a.a.i.t.p.PutIndexTemplateRequest] Deprecated field [template] used, replaced by [index_patterns]
[2018-10-28T19:50:43,666][WARN ][o.e.d.a.a.i.t.p.PutIndexTemplateRequest] Deprecated field [template] used, replaced by [index_patterns]
[2018-10-28T19:50:43,668][WARN ][o.e.d.a.a.i.t.p.PutIndexTemplateRequest] Deprecated field [template] used, replaced by [index_patterns]
[2018-10-28T19:52:45,091][WARN ][o.e.d.a.a.i.t.p.PutIndexTemplateRequest] Deprecated field [template] used, replaced by [index_patterns]
[2018-10-28T19:53:49,129][WARN ][o.e.d.a.a.i.t.p.PutIndexTemplateRequest] Deprecated field [template] used, replaced by [index_patterns]
[2018-10-28T19:54:18,481][WARN ][o.e.d.a.a.i.t.p.PutIndexTemplateRequest] Deprecated field [template] used, replaced by [index_patterns]
[2018-10-28T19:55:38,123][WARN ][o.e.d.a.a.i.t.p.PutIndexTemplateRequest] Deprecated field [template] used, replaced by [index_patterns]
[2018-10-28T19:57:04,041][WARN ][o.e.d.a.a.i.t.p.PutIndexTemplateRequest] Deprecated field [template] used, replaced by [index_patterns]
[2018-10-28T20:01:13,628][WARN ][o.e.d.a.a.i.t.p.PutIndexTemplateRequest] Deprecated field [template] used, replaced by [index_patterns]
[2018-10-28T20:01:20,614][WARN ][o.e.d.c.ParseField       ] Deprecated field [all_fields] used, replaced by [Set [fields] to `*` instead]
[2018-10-28T20:01:20,639][WARN ][o.e.d.c.ParseField       ] Deprecated field [inline] used, expected [source] instead
[2018-10-28T20:04:06,637][WARN ][o.e.d.a.a.i.t.p.PutIndexTemplateRequest] Deprecated field [template] used, replaced by [index_patterns]
[2018-10-28T20:04:47,568][WARN ][o.e.d.a.a.i.t.p.PutIndexTemplateRequest] Deprecated field [template] used, replaced by [index_patterns]
[2018-10-28T20:04:51,972][WARN ][o.e.d.a.a.i.t.p.PutIndexTemplateRequest] Deprecated field [template] used, replaced by [index_patterns]
[2018-10-28T20:06:46,605][WARN ][o.e.d.c.ParseField       ] Deprecated field [all_fields] used, replaced by [Set [fields] to `*` instead]
[2018-10-28T20:06:46,611][WARN ][o.e.d.c.ParseField       ] Deprecated field [inline] used, expected [source] instead
[2018-10-28T20:10:12,354][WARN ][o.e.d.a.a.i.t.p.PutIndexTemplateRequest] Deprecated field [template] used, replaced by [index_patterns]
[2018-10-28T20:11:25,029][WARN ][o.e.d.a.a.i.t.p.PutIndexTemplateRequest] Deprecated field [template] used, replaced by [index_patterns]
[2018-10-28T20:11:32,419][WARN ][o.e.d.a.a.i.t.p.PutIndexTemplateRequest] Deprecated field [template] used, replaced by [index_patterns]
[2018-10-28T20:12:48,733][WARN ][o.e.d.a.a.i.t.p.PutIndexTemplateRequest] Deprecated field [template] used, replaced by [index_patterns]
[2018-10-28T20:13:38,706][WARN ][o.e.d.a.a.i.t.p.PutIndexTemplateRequest] Deprecated field [template] used, replaced by [index_patterns]
[2018-10-28T20:14:42,483][WARN ][o.e.d.a.a.i.t.p.PutIndexTemplateRequest] Deprecated field [template] used, replaced by [index_patterns]
[2018-10-28T20:15:14,021][WARN ][o.e.d.a.a.i.t.p.PutIndexTemplateRequest] Deprecated field [template] used, replaced by [index_patterns]
