[2018-10-28T14:41:01,003][INFO ][o.e.n.Node               ] [] initializing ...
[2018-10-28T14:41:01,247][INFO ][o.e.e.NodeEnvironment    ] [nrOpP2-] using [1] data paths, mounts [[/ (/dev/sda1)]], net usable_space [549.6gb], net total_space [679.7gb], types [ext4]
[2018-10-28T14:41:01,247][INFO ][o.e.e.NodeEnvironment    ] [nrOpP2-] heap size [990.7mb], compressed ordinary object pointers [true]
[2018-10-28T14:41:01,250][INFO ][o.e.n.Node               ] [nrOpP2-] node name derived from node ID [nrOpP2-aQ2WxDP-Oi2DAbQ]; set [node.name] to override
[2018-10-28T14:41:01,250][INFO ][o.e.n.Node               ] [nrOpP2-] version[6.4.2], pid[29594], build[default/tar/04711c2/2018-09-26T13:34:09.098244Z], OS[Linux/4.4.0-135-generic/amd64], JVM[Oracle Corporation/Java HotSpot(TM) 64-Bit Server VM/1.8.0_181/25.181-b13]
[2018-10-28T14:41:01,252][INFO ][o.e.n.Node               ] [nrOpP2-] JVM arguments [-Xms1g, -Xmx1g, -XX:+UseConcMarkSweepGC, -XX:CMSInitiatingOccupancyFraction=75, -XX:+UseCMSInitiatingOccupancyOnly, -XX:+AlwaysPreTouch, -Xss1m, -Djava.awt.headless=true, -Dfile.encoding=UTF-8, -Djna.nosys=true, -XX:-OmitStackTraceInFastThrow, -Dio.netty.noUnsafe=true, -Dio.netty.noKeySetOptimization=true, -Dio.netty.recycler.maxCapacityPerThread=0, -Dlog4j.shutdownHookEnabled=false, -Dlog4j2.disable.jmx=true, -Djava.io.tmpdir=/tmp/elasticsearch.T82BRmr0, -XX:+HeapDumpOnOutOfMemoryError, -XX:HeapDumpPath=data, -XX:ErrorFile=logs/hs_err_pid%p.log, -XX:+PrintGCDetails, -XX:+PrintGCDateStamps, -XX:+PrintTenuringDistribution, -XX:+PrintGCApplicationStoppedTime, -Xloggc:logs/gc.log, -XX:+UseGCLogFileRotation, -XX:NumberOfGCLogFiles=32, -XX:GCLogFileSize=64m, -Des.path.home=/home/romario/Rodrigo/Dashboard/elasticsearch-6.4.2, -Des.path.conf=/home/romario/Rodrigo/Dashboard/elasticsearch-6.4.2/config, -Des.distribution.flavor=default, -Des.distribution.type=tar]
[2018-10-28T14:41:03,995][INFO ][o.e.p.PluginsService     ] [nrOpP2-] loaded module [aggs-matrix-stats]
[2018-10-28T14:41:03,995][INFO ][o.e.p.PluginsService     ] [nrOpP2-] loaded module [analysis-common]
[2018-10-28T14:41:03,995][INFO ][o.e.p.PluginsService     ] [nrOpP2-] loaded module [ingest-common]
[2018-10-28T14:41:03,995][INFO ][o.e.p.PluginsService     ] [nrOpP2-] loaded module [lang-expression]
[2018-10-28T14:41:03,995][INFO ][o.e.p.PluginsService     ] [nrOpP2-] loaded module [lang-mustache]
[2018-10-28T14:41:03,995][INFO ][o.e.p.PluginsService     ] [nrOpP2-] loaded module [lang-painless]
[2018-10-28T14:41:03,995][INFO ][o.e.p.PluginsService     ] [nrOpP2-] loaded module [mapper-extras]
[2018-10-28T14:41:03,996][INFO ][o.e.p.PluginsService     ] [nrOpP2-] loaded module [parent-join]
[2018-10-28T14:41:03,996][INFO ][o.e.p.PluginsService     ] [nrOpP2-] loaded module [percolator]
[2018-10-28T14:41:03,996][INFO ][o.e.p.PluginsService     ] [nrOpP2-] loaded module [rank-eval]
[2018-10-28T14:41:03,996][INFO ][o.e.p.PluginsService     ] [nrOpP2-] loaded module [reindex]
[2018-10-28T14:41:03,996][INFO ][o.e.p.PluginsService     ] [nrOpP2-] loaded module [repository-url]
[2018-10-28T14:41:03,996][INFO ][o.e.p.PluginsService     ] [nrOpP2-] loaded module [transport-netty4]
[2018-10-28T14:41:03,996][INFO ][o.e.p.PluginsService     ] [nrOpP2-] loaded module [tribe]
[2018-10-28T14:41:03,996][INFO ][o.e.p.PluginsService     ] [nrOpP2-] loaded module [x-pack-core]
[2018-10-28T14:41:03,996][INFO ][o.e.p.PluginsService     ] [nrOpP2-] loaded module [x-pack-deprecation]
[2018-10-28T14:41:03,997][INFO ][o.e.p.PluginsService     ] [nrOpP2-] loaded module [x-pack-graph]
[2018-10-28T14:41:03,997][INFO ][o.e.p.PluginsService     ] [nrOpP2-] loaded module [x-pack-logstash]
[2018-10-28T14:41:03,997][INFO ][o.e.p.PluginsService     ] [nrOpP2-] loaded module [x-pack-ml]
[2018-10-28T14:41:03,997][INFO ][o.e.p.PluginsService     ] [nrOpP2-] loaded module [x-pack-monitoring]
[2018-10-28T14:41:03,997][INFO ][o.e.p.PluginsService     ] [nrOpP2-] loaded module [x-pack-rollup]
[2018-10-28T14:41:03,997][INFO ][o.e.p.PluginsService     ] [nrOpP2-] loaded module [x-pack-security]
[2018-10-28T14:41:03,997][INFO ][o.e.p.PluginsService     ] [nrOpP2-] loaded module [x-pack-sql]
[2018-10-28T14:41:03,997][INFO ][o.e.p.PluginsService     ] [nrOpP2-] loaded module [x-pack-upgrade]
[2018-10-28T14:41:03,997][INFO ][o.e.p.PluginsService     ] [nrOpP2-] loaded module [x-pack-watcher]
[2018-10-28T14:41:03,998][INFO ][o.e.p.PluginsService     ] [nrOpP2-] no plugins loaded
[2018-10-28T14:41:08,699][INFO ][o.e.x.s.a.s.FileRolesStore] [nrOpP2-] parsed [0] roles from file [/home/romario/Rodrigo/Dashboard/elasticsearch-6.4.2/config/roles.yml]
[2018-10-28T14:41:09,401][INFO ][o.e.x.m.j.p.l.CppLogMessageHandler] [controller/29658] [Main.cc@109] controller (64 bit): Version 6.4.2 (Build 660eefe6f2ea55) Copyright (c) 2018 Elasticsearch BV
[2018-10-28T14:41:09,853][DEBUG][o.e.a.ActionModule       ] Using REST wrapper from plugin org.elasticsearch.xpack.security.Security
[2018-10-28T14:41:10,315][INFO ][o.e.d.DiscoveryModule    ] [nrOpP2-] using discovery type [zen]
[2018-10-28T14:41:11,428][INFO ][o.e.n.Node               ] [nrOpP2-] initialized
[2018-10-28T14:41:11,428][INFO ][o.e.n.Node               ] [nrOpP2-] starting ...
[2018-10-28T14:41:11,618][INFO ][o.e.t.TransportService   ] [nrOpP2-] publish_address {127.0.0.1:9300}, bound_addresses {[::1]:9300}, {127.0.0.1:9300}
[2018-10-28T14:41:11,643][WARN ][o.e.b.BootstrapChecks    ] [nrOpP2-] max file descriptors [4096] for elasticsearch process is too low, increase to at least [65536]
[2018-10-28T14:41:11,643][WARN ][o.e.b.BootstrapChecks    ] [nrOpP2-] max virtual memory areas vm.max_map_count [65530] is too low, increase to at least [262144]
[2018-10-28T14:41:14,704][INFO ][o.e.c.s.MasterService    ] [nrOpP2-] zen-disco-elected-as-master ([0] nodes joined)[, ], reason: new_master {nrOpP2-}{nrOpP2-aQ2WxDP-Oi2DAbQ}{m_omVprMTRuYOaKIlqEgrg}{127.0.0.1}{127.0.0.1:9300}{ml.machine_memory=8246321152, xpack.installed=true, ml.max_open_jobs=20, ml.enabled=true}
[2018-10-28T14:41:14,710][INFO ][o.e.c.s.ClusterApplierService] [nrOpP2-] new_master {nrOpP2-}{nrOpP2-aQ2WxDP-Oi2DAbQ}{m_omVprMTRuYOaKIlqEgrg}{127.0.0.1}{127.0.0.1:9300}{ml.machine_memory=8246321152, xpack.installed=true, ml.max_open_jobs=20, ml.enabled=true}, reason: apply cluster state (from master [master {nrOpP2-}{nrOpP2-aQ2WxDP-Oi2DAbQ}{m_omVprMTRuYOaKIlqEgrg}{127.0.0.1}{127.0.0.1:9300}{ml.machine_memory=8246321152, xpack.installed=true, ml.max_open_jobs=20, ml.enabled=true} committed version [1] source [zen-disco-elected-as-master ([0] nodes joined)[, ]]])
[2018-10-28T14:41:14,733][INFO ][o.e.x.s.t.n.SecurityNetty4HttpServerTransport] [nrOpP2-] publish_address {127.0.0.1:9200}, bound_addresses {[::1]:9200}, {127.0.0.1:9200}
[2018-10-28T14:41:14,734][INFO ][o.e.n.Node               ] [nrOpP2-] started
[2018-10-28T14:41:14,860][WARN ][o.e.x.s.a.s.m.NativeRoleMappingStore] [nrOpP2-] Failed to clear cache for realms [[]]
[2018-10-28T14:41:14,948][INFO ][o.e.g.GatewayService     ] [nrOpP2-] recovered [0] indices into cluster_state
[2018-10-28T14:41:15,307][INFO ][o.e.c.m.MetaDataIndexTemplateService] [nrOpP2-] adding template [.watch-history-9] for index patterns [.watcher-history-9*]
[2018-10-28T14:41:15,404][INFO ][o.e.c.m.MetaDataIndexTemplateService] [nrOpP2-] adding template [.watches] for index patterns [.watches*]
[2018-10-28T14:41:15,512][INFO ][o.e.c.m.MetaDataIndexTemplateService] [nrOpP2-] adding template [.triggered_watches] for index patterns [.triggered_watches*]
[2018-10-28T14:41:15,687][INFO ][o.e.c.m.MetaDataIndexTemplateService] [nrOpP2-] adding template [.monitoring-logstash] for index patterns [.monitoring-logstash-6-*]
[2018-10-28T14:41:15,809][INFO ][o.e.c.m.MetaDataIndexTemplateService] [nrOpP2-] adding template [.monitoring-es] for index patterns [.monitoring-es-6-*]
[2018-10-28T14:41:15,895][INFO ][o.e.c.m.MetaDataIndexTemplateService] [nrOpP2-] adding template [.monitoring-beats] for index patterns [.monitoring-beats-6-*]
[2018-10-28T14:41:15,994][INFO ][o.e.c.m.MetaDataIndexTemplateService] [nrOpP2-] adding template [.monitoring-alerts] for index patterns [.monitoring-alerts-6]
[2018-10-28T14:41:16,085][INFO ][o.e.c.m.MetaDataIndexTemplateService] [nrOpP2-] adding template [.monitoring-kibana] for index patterns [.monitoring-kibana-6-*]
[2018-10-28T14:41:16,316][INFO ][o.e.l.LicenseService     ] [nrOpP2-] license [1f6ecaa7-1664-474b-8377-d568e26b960a] mode [basic] - valid
[2018-10-28T14:42:34,665][INFO ][o.e.c.m.MetaDataIndexTemplateService] [nrOpP2-] adding template [kibana_index_template:.kibana] for index patterns [.kibana]
[2018-10-28T14:42:34,990][INFO ][o.e.c.m.MetaDataCreateIndexService] [nrOpP2-] [.kibana] creating index, cause [auto(update api)], templates [kibana_index_template:.kibana], shards [1]/[1], mappings [doc]
[2018-10-28T14:42:35,003][INFO ][o.e.c.r.a.AllocationService] [nrOpP2-] updating number_of_replicas to [0] for indices [.kibana]
[2018-10-28T14:42:35,684][INFO ][o.e.c.r.a.AllocationService] [nrOpP2-] Cluster health status changed from [YELLOW] to [GREEN] (reason: [shards started [[.kibana][0]] ...]).
[2018-10-28T14:42:35,851][INFO ][o.e.c.m.MetaDataIndexTemplateService] [nrOpP2-] adding template [kibana_index_template:.kibana] for index patterns [.kibana]
[2018-10-28T14:42:36,184][INFO ][o.e.c.m.MetaDataIndexTemplateService] [nrOpP2-] adding template [kibana_index_template:.kibana] for index patterns [.kibana]
[2018-10-28T14:42:36,234][INFO ][o.e.c.m.MetaDataMappingService] [nrOpP2-] [.kibana/I4ur7sKSRymjsVYYSJDsxg] update_mapping [doc]
[2018-10-28T15:39:26,204][INFO ][o.e.c.m.MetaDataCreateIndexService] [nrOpP2-] [rodrigo] creating index, cause [api], templates [], shards [5]/[1], mappings []
[2018-10-28T15:39:34,410][INFO ][o.e.c.m.MetaDataMappingService] [nrOpP2-] [rodrigo/4jQ-6Qi3TLuS2riJFLBeSw] create_mapping [campana]
[2018-10-28T15:41:42,968][DEBUG][o.e.a.a.i.m.p.TransportPutMappingAction] [nrOpP2-] failed to put mappings on indices [[[rodrigo/4jQ-6Qi3TLuS2riJFLBeSw]]], type [campanas]
java.lang.IllegalArgumentException: Rejecting mapping update to [rodrigo] as the final mapping would have more than 1 type: [campana, campanas]
	at org.elasticsearch.index.mapper.MapperService.internalMerge(MapperService.java:407) ~[elasticsearch-6.4.2.jar:6.4.2]
	at org.elasticsearch.index.mapper.MapperService.internalMerge(MapperService.java:355) ~[elasticsearch-6.4.2.jar:6.4.2]
	at org.elasticsearch.index.mapper.MapperService.merge(MapperService.java:287) ~[elasticsearch-6.4.2.jar:6.4.2]
	at org.elasticsearch.cluster.metadata.MetaDataMappingService$PutMappingExecutor.applyRequest(MetaDataMappingService.java:312) ~[elasticsearch-6.4.2.jar:6.4.2]
	at org.elasticsearch.cluster.metadata.MetaDataMappingService$PutMappingExecutor.execute(MetaDataMappingService.java:229) ~[elasticsearch-6.4.2.jar:6.4.2]
	at org.elasticsearch.cluster.service.MasterService.executeTasks(MasterService.java:639) ~[elasticsearch-6.4.2.jar:6.4.2]
	at org.elasticsearch.cluster.service.MasterService.calculateTaskOutputs(MasterService.java:268) ~[elasticsearch-6.4.2.jar:6.4.2]
	at org.elasticsearch.cluster.service.MasterService.runTasks(MasterService.java:198) [elasticsearch-6.4.2.jar:6.4.2]
	at org.elasticsearch.cluster.service.MasterService$Batcher.run(MasterService.java:133) [elasticsearch-6.4.2.jar:6.4.2]
	at org.elasticsearch.cluster.service.TaskBatcher.runIfNotProcessed(TaskBatcher.java:150) [elasticsearch-6.4.2.jar:6.4.2]
	at org.elasticsearch.cluster.service.TaskBatcher$BatchedTask.run(TaskBatcher.java:188) [elasticsearch-6.4.2.jar:6.4.2]
	at org.elasticsearch.common.util.concurrent.ThreadContext$ContextPreservingRunnable.run(ThreadContext.java:624) [elasticsearch-6.4.2.jar:6.4.2]
	at org.elasticsearch.common.util.concurrent.PrioritizedEsThreadPoolExecutor$TieBreakingPrioritizedRunnable.runAndClean(PrioritizedEsThreadPoolExecutor.java:244) [elasticsearch-6.4.2.jar:6.4.2]
	at org.elasticsearch.common.util.concurrent.PrioritizedEsThreadPoolExecutor$TieBreakingPrioritizedRunnable.run(PrioritizedEsThreadPoolExecutor.java:207) [elasticsearch-6.4.2.jar:6.4.2]
	at java.util.concurrent.ThreadPoolExecutor.runWorker(ThreadPoolExecutor.java:1149) [?:1.8.0_181]
	at java.util.concurrent.ThreadPoolExecutor$Worker.run(ThreadPoolExecutor.java:624) [?:1.8.0_181]
	at java.lang.Thread.run(Thread.java:748) [?:1.8.0_181]
[2018-10-28T15:41:43,056][DEBUG][o.e.a.b.TransportShardBulkAction] [rodrigo][2] failed to execute bulk item (index) BulkShardRequest [[rodrigo][2]] containing [index {[rodrigo][campanas][2], source[{
  "campanaID":"2",
  "name":"SCI"
}
]}]
java.lang.IllegalArgumentException: Rejecting mapping update to [rodrigo] as the final mapping would have more than 1 type: [campana, campanas]
	at org.elasticsearch.index.mapper.MapperService.internalMerge(MapperService.java:407) ~[elasticsearch-6.4.2.jar:6.4.2]
	at org.elasticsearch.index.mapper.MapperService.internalMerge(MapperService.java:355) ~[elasticsearch-6.4.2.jar:6.4.2]
	at org.elasticsearch.index.mapper.MapperService.merge(MapperService.java:287) ~[elasticsearch-6.4.2.jar:6.4.2]
	at org.elasticsearch.cluster.metadata.MetaDataMappingService$PutMappingExecutor.applyRequest(MetaDataMappingService.java:312) ~[elasticsearch-6.4.2.jar:6.4.2]
	at org.elasticsearch.cluster.metadata.MetaDataMappingService$PutMappingExecutor.execute(MetaDataMappingService.java:229) ~[elasticsearch-6.4.2.jar:6.4.2]
	at org.elasticsearch.cluster.service.MasterService.executeTasks(MasterService.java:639) ~[elasticsearch-6.4.2.jar:6.4.2]
	at org.elasticsearch.cluster.service.MasterService.calculateTaskOutputs(MasterService.java:268) ~[elasticsearch-6.4.2.jar:6.4.2]
	at org.elasticsearch.cluster.service.MasterService.runTasks(MasterService.java:198) ~[elasticsearch-6.4.2.jar:6.4.2]
	at org.elasticsearch.cluster.service.MasterService$Batcher.run(MasterService.java:133) ~[elasticsearch-6.4.2.jar:6.4.2]
	at org.elasticsearch.cluster.service.TaskBatcher.runIfNotProcessed(TaskBatcher.java:150) ~[elasticsearch-6.4.2.jar:6.4.2]
	at org.elasticsearch.cluster.service.TaskBatcher$BatchedTask.run(TaskBatcher.java:188) ~[elasticsearch-6.4.2.jar:6.4.2]
	at org.elasticsearch.common.util.concurrent.ThreadContext$ContextPreservingRunnable.run(ThreadContext.java:624) ~[elasticsearch-6.4.2.jar:6.4.2]
	at org.elasticsearch.common.util.concurrent.PrioritizedEsThreadPoolExecutor$TieBreakingPrioritizedRunnable.runAndClean(PrioritizedEsThreadPoolExecutor.java:244) ~[elasticsearch-6.4.2.jar:6.4.2]
	at org.elasticsearch.common.util.concurrent.PrioritizedEsThreadPoolExecutor$TieBreakingPrioritizedRunnable.run(PrioritizedEsThreadPoolExecutor.java:207) ~[elasticsearch-6.4.2.jar:6.4.2]
	at java.util.concurrent.ThreadPoolExecutor.runWorker(ThreadPoolExecutor.java:1149) [?:1.8.0_181]
	at java.util.concurrent.ThreadPoolExecutor$Worker.run(ThreadPoolExecutor.java:624) [?:1.8.0_181]
	at java.lang.Thread.run(Thread.java:748) [?:1.8.0_181]
[2018-10-28T15:41:58,095][DEBUG][o.e.a.a.i.m.p.TransportPutMappingAction] [nrOpP2-] failed to put mappings on indices [[[rodrigo/4jQ-6Qi3TLuS2riJFLBeSw]]], type [campanas]
java.lang.IllegalArgumentException: Rejecting mapping update to [rodrigo] as the final mapping would have more than 1 type: [campana, campanas]
	at org.elasticsearch.index.mapper.MapperService.internalMerge(MapperService.java:407) ~[elasticsearch-6.4.2.jar:6.4.2]
	at org.elasticsearch.index.mapper.MapperService.internalMerge(MapperService.java:355) ~[elasticsearch-6.4.2.jar:6.4.2]
	at org.elasticsearch.index.mapper.MapperService.merge(MapperService.java:287) ~[elasticsearch-6.4.2.jar:6.4.2]
	at org.elasticsearch.cluster.metadata.MetaDataMappingService$PutMappingExecutor.applyRequest(MetaDataMappingService.java:312) ~[elasticsearch-6.4.2.jar:6.4.2]
	at org.elasticsearch.cluster.metadata.MetaDataMappingService$PutMappingExecutor.execute(MetaDataMappingService.java:229) ~[elasticsearch-6.4.2.jar:6.4.2]
	at org.elasticsearch.cluster.service.MasterService.executeTasks(MasterService.java:639) ~[elasticsearch-6.4.2.jar:6.4.2]
	at org.elasticsearch.cluster.service.MasterService.calculateTaskOutputs(MasterService.java:268) ~[elasticsearch-6.4.2.jar:6.4.2]
	at org.elasticsearch.cluster.service.MasterService.runTasks(MasterService.java:198) [elasticsearch-6.4.2.jar:6.4.2]
	at org.elasticsearch.cluster.service.MasterService$Batcher.run(MasterService.java:133) [elasticsearch-6.4.2.jar:6.4.2]
	at org.elasticsearch.cluster.service.TaskBatcher.runIfNotProcessed(TaskBatcher.java:150) [elasticsearch-6.4.2.jar:6.4.2]
	at org.elasticsearch.cluster.service.TaskBatcher$BatchedTask.run(TaskBatcher.java:188) [elasticsearch-6.4.2.jar:6.4.2]
	at org.elasticsearch.common.util.concurrent.ThreadContext$ContextPreservingRunnable.run(ThreadContext.java:624) [elasticsearch-6.4.2.jar:6.4.2]
	at org.elasticsearch.common.util.concurrent.PrioritizedEsThreadPoolExecutor$TieBreakingPrioritizedRunnable.runAndClean(PrioritizedEsThreadPoolExecutor.java:244) [elasticsearch-6.4.2.jar:6.4.2]
	at org.elasticsearch.common.util.concurrent.PrioritizedEsThreadPoolExecutor$TieBreakingPrioritizedRunnable.run(PrioritizedEsThreadPoolExecutor.java:207) [elasticsearch-6.4.2.jar:6.4.2]
	at java.util.concurrent.ThreadPoolExecutor.runWorker(ThreadPoolExecutor.java:1149) [?:1.8.0_181]
	at java.util.concurrent.ThreadPoolExecutor$Worker.run(ThreadPoolExecutor.java:624) [?:1.8.0_181]
	at java.lang.Thread.run(Thread.java:748) [?:1.8.0_181]
[2018-10-28T15:41:58,097][DEBUG][o.e.a.b.TransportShardBulkAction] [rodrigo][2] failed to execute bulk item (index) BulkShardRequest [[rodrigo][2]] containing [index {[rodrigo][campanas][2], source[{
  "campanaID":"2",
  "name":"SCI"
}
]}]
java.lang.IllegalArgumentException: Rejecting mapping update to [rodrigo] as the final mapping would have more than 1 type: [campana, campanas]
	at org.elasticsearch.index.mapper.MapperService.internalMerge(MapperService.java:407) ~[elasticsearch-6.4.2.jar:6.4.2]
	at org.elasticsearch.index.mapper.MapperService.internalMerge(MapperService.java:355) ~[elasticsearch-6.4.2.jar:6.4.2]
	at org.elasticsearch.index.mapper.MapperService.merge(MapperService.java:287) ~[elasticsearch-6.4.2.jar:6.4.2]
	at org.elasticsearch.cluster.metadata.MetaDataMappingService$PutMappingExecutor.applyRequest(MetaDataMappingService.java:312) ~[elasticsearch-6.4.2.jar:6.4.2]
	at org.elasticsearch.cluster.metadata.MetaDataMappingService$PutMappingExecutor.execute(MetaDataMappingService.java:229) ~[elasticsearch-6.4.2.jar:6.4.2]
	at org.elasticsearch.cluster.service.MasterService.executeTasks(MasterService.java:639) ~[elasticsearch-6.4.2.jar:6.4.2]
	at org.elasticsearch.cluster.service.MasterService.calculateTaskOutputs(MasterService.java:268) ~[elasticsearch-6.4.2.jar:6.4.2]
	at org.elasticsearch.cluster.service.MasterService.runTasks(MasterService.java:198) ~[elasticsearch-6.4.2.jar:6.4.2]
	at org.elasticsearch.cluster.service.MasterService$Batcher.run(MasterService.java:133) ~[elasticsearch-6.4.2.jar:6.4.2]
	at org.elasticsearch.cluster.service.TaskBatcher.runIfNotProcessed(TaskBatcher.java:150) ~[elasticsearch-6.4.2.jar:6.4.2]
	at org.elasticsearch.cluster.service.TaskBatcher$BatchedTask.run(TaskBatcher.java:188) ~[elasticsearch-6.4.2.jar:6.4.2]
	at org.elasticsearch.common.util.concurrent.ThreadContext$ContextPreservingRunnable.run(ThreadContext.java:624) ~[elasticsearch-6.4.2.jar:6.4.2]
	at org.elasticsearch.common.util.concurrent.PrioritizedEsThreadPoolExecutor$TieBreakingPrioritizedRunnable.runAndClean(PrioritizedEsThreadPoolExecutor.java:244) ~[elasticsearch-6.4.2.jar:6.4.2]
	at org.elasticsearch.common.util.concurrent.PrioritizedEsThreadPoolExecutor$TieBreakingPrioritizedRunnable.run(PrioritizedEsThreadPoolExecutor.java:207) ~[elasticsearch-6.4.2.jar:6.4.2]
	at java.util.concurrent.ThreadPoolExecutor.runWorker(ThreadPoolExecutor.java:1149) [?:1.8.0_181]
	at java.util.concurrent.ThreadPoolExecutor$Worker.run(ThreadPoolExecutor.java:624) [?:1.8.0_181]
	at java.lang.Thread.run(Thread.java:748) [?:1.8.0_181]
[2018-10-28T15:42:36,384][DEBUG][o.e.a.a.i.m.p.TransportPutMappingAction] [nrOpP2-] failed to put mappings on indices [[[rodrigo/4jQ-6Qi3TLuS2riJFLBeSw]]], type [campanas]
java.lang.IllegalArgumentException: Rejecting mapping update to [rodrigo] as the final mapping would have more than 1 type: [campana, campanas]
	at org.elasticsearch.index.mapper.MapperService.internalMerge(MapperService.java:407) ~[elasticsearch-6.4.2.jar:6.4.2]
	at org.elasticsearch.index.mapper.MapperService.internalMerge(MapperService.java:355) ~[elasticsearch-6.4.2.jar:6.4.2]
	at org.elasticsearch.index.mapper.MapperService.merge(MapperService.java:287) ~[elasticsearch-6.4.2.jar:6.4.2]
	at org.elasticsearch.cluster.metadata.MetaDataMappingService$PutMappingExecutor.applyRequest(MetaDataMappingService.java:312) ~[elasticsearch-6.4.2.jar:6.4.2]
	at org.elasticsearch.cluster.metadata.MetaDataMappingService$PutMappingExecutor.execute(MetaDataMappingService.java:229) ~[elasticsearch-6.4.2.jar:6.4.2]
	at org.elasticsearch.cluster.service.MasterService.executeTasks(MasterService.java:639) ~[elasticsearch-6.4.2.jar:6.4.2]
	at org.elasticsearch.cluster.service.MasterService.calculateTaskOutputs(MasterService.java:268) ~[elasticsearch-6.4.2.jar:6.4.2]
	at org.elasticsearch.cluster.service.MasterService.runTasks(MasterService.java:198) [elasticsearch-6.4.2.jar:6.4.2]
	at org.elasticsearch.cluster.service.MasterService$Batcher.run(MasterService.java:133) [elasticsearch-6.4.2.jar:6.4.2]
	at org.elasticsearch.cluster.service.TaskBatcher.runIfNotProcessed(TaskBatcher.java:150) [elasticsearch-6.4.2.jar:6.4.2]
	at org.elasticsearch.cluster.service.TaskBatcher$BatchedTask.run(TaskBatcher.java:188) [elasticsearch-6.4.2.jar:6.4.2]
	at org.elasticsearch.common.util.concurrent.ThreadContext$ContextPreservingRunnable.run(ThreadContext.java:624) [elasticsearch-6.4.2.jar:6.4.2]
	at org.elasticsearch.common.util.concurrent.PrioritizedEsThreadPoolExecutor$TieBreakingPrioritizedRunnable.runAndClean(PrioritizedEsThreadPoolExecutor.java:244) [elasticsearch-6.4.2.jar:6.4.2]
	at org.elasticsearch.common.util.concurrent.PrioritizedEsThreadPoolExecutor$TieBreakingPrioritizedRunnable.run(PrioritizedEsThreadPoolExecutor.java:207) [elasticsearch-6.4.2.jar:6.4.2]
	at java.util.concurrent.ThreadPoolExecutor.runWorker(ThreadPoolExecutor.java:1149) [?:1.8.0_181]
	at java.util.concurrent.ThreadPoolExecutor$Worker.run(ThreadPoolExecutor.java:624) [?:1.8.0_181]
	at java.lang.Thread.run(Thread.java:748) [?:1.8.0_181]
[2018-10-28T15:42:36,385][DEBUG][o.e.a.b.TransportShardBulkAction] [rodrigo][2] failed to execute bulk item (index) BulkShardRequest [[rodrigo][2]] containing [index {[rodrigo][campanas][2], source[{
  "campanaID":"2",
  "name":"SCI"
}
]}]
java.lang.IllegalArgumentException: Rejecting mapping update to [rodrigo] as the final mapping would have more than 1 type: [campana, campanas]
	at org.elasticsearch.index.mapper.MapperService.internalMerge(MapperService.java:407) ~[elasticsearch-6.4.2.jar:6.4.2]
	at org.elasticsearch.index.mapper.MapperService.internalMerge(MapperService.java:355) ~[elasticsearch-6.4.2.jar:6.4.2]
	at org.elasticsearch.index.mapper.MapperService.merge(MapperService.java:287) ~[elasticsearch-6.4.2.jar:6.4.2]
	at org.elasticsearch.cluster.metadata.MetaDataMappingService$PutMappingExecutor.applyRequest(MetaDataMappingService.java:312) ~[elasticsearch-6.4.2.jar:6.4.2]
	at org.elasticsearch.cluster.metadata.MetaDataMappingService$PutMappingExecutor.execute(MetaDataMappingService.java:229) ~[elasticsearch-6.4.2.jar:6.4.2]
	at org.elasticsearch.cluster.service.MasterService.executeTasks(MasterService.java:639) ~[elasticsearch-6.4.2.jar:6.4.2]
	at org.elasticsearch.cluster.service.MasterService.calculateTaskOutputs(MasterService.java:268) ~[elasticsearch-6.4.2.jar:6.4.2]
	at org.elasticsearch.cluster.service.MasterService.runTasks(MasterService.java:198) ~[elasticsearch-6.4.2.jar:6.4.2]
	at org.elasticsearch.cluster.service.MasterService$Batcher.run(MasterService.java:133) ~[elasticsearch-6.4.2.jar:6.4.2]
	at org.elasticsearch.cluster.service.TaskBatcher.runIfNotProcessed(TaskBatcher.java:150) ~[elasticsearch-6.4.2.jar:6.4.2]
	at org.elasticsearch.cluster.service.TaskBatcher$BatchedTask.run(TaskBatcher.java:188) ~[elasticsearch-6.4.2.jar:6.4.2]
	at org.elasticsearch.common.util.concurrent.ThreadContext$ContextPreservingRunnable.run(ThreadContext.java:624) ~[elasticsearch-6.4.2.jar:6.4.2]
	at org.elasticsearch.common.util.concurrent.PrioritizedEsThreadPoolExecutor$TieBreakingPrioritizedRunnable.runAndClean(PrioritizedEsThreadPoolExecutor.java:244) ~[elasticsearch-6.4.2.jar:6.4.2]
	at org.elasticsearch.common.util.concurrent.PrioritizedEsThreadPoolExecutor$TieBreakingPrioritizedRunnable.run(PrioritizedEsThreadPoolExecutor.java:207) ~[elasticsearch-6.4.2.jar:6.4.2]
	at java.util.concurrent.ThreadPoolExecutor.runWorker(ThreadPoolExecutor.java:1149) [?:1.8.0_181]
	at java.util.concurrent.ThreadPoolExecutor$Worker.run(ThreadPoolExecutor.java:624) [?:1.8.0_181]
	at java.lang.Thread.run(Thread.java:748) [?:1.8.0_181]
[2018-10-28T15:42:56,874][INFO ][o.e.c.m.MetaDataMappingService] [nrOpP2-] [rodrigo/4jQ-6Qi3TLuS2riJFLBeSw] update_mapping [campana]
[2018-10-28T15:44:18,783][DEBUG][o.e.a.a.i.m.p.TransportPutMappingAction] [nrOpP2-] failed to put mappings on indices [[[rodrigo/4jQ-6Qi3TLuS2riJFLBeSw]]], type [gestion]
java.lang.IllegalArgumentException: Rejecting mapping update to [rodrigo] as the final mapping would have more than 1 type: [campana, gestion]
	at org.elasticsearch.index.mapper.MapperService.internalMerge(MapperService.java:407) ~[elasticsearch-6.4.2.jar:6.4.2]
	at org.elasticsearch.index.mapper.MapperService.internalMerge(MapperService.java:355) ~[elasticsearch-6.4.2.jar:6.4.2]
	at org.elasticsearch.index.mapper.MapperService.merge(MapperService.java:287) ~[elasticsearch-6.4.2.jar:6.4.2]
	at org.elasticsearch.cluster.metadata.MetaDataMappingService$PutMappingExecutor.applyRequest(MetaDataMappingService.java:312) ~[elasticsearch-6.4.2.jar:6.4.2]
	at org.elasticsearch.cluster.metadata.MetaDataMappingService$PutMappingExecutor.execute(MetaDataMappingService.java:229) ~[elasticsearch-6.4.2.jar:6.4.2]
	at org.elasticsearch.cluster.service.MasterService.executeTasks(MasterService.java:639) ~[elasticsearch-6.4.2.jar:6.4.2]
	at org.elasticsearch.cluster.service.MasterService.calculateTaskOutputs(MasterService.java:268) ~[elasticsearch-6.4.2.jar:6.4.2]
	at org.elasticsearch.cluster.service.MasterService.runTasks(MasterService.java:198) [elasticsearch-6.4.2.jar:6.4.2]
	at org.elasticsearch.cluster.service.MasterService$Batcher.run(MasterService.java:133) [elasticsearch-6.4.2.jar:6.4.2]
	at org.elasticsearch.cluster.service.TaskBatcher.runIfNotProcessed(TaskBatcher.java:150) [elasticsearch-6.4.2.jar:6.4.2]
	at org.elasticsearch.cluster.service.TaskBatcher$BatchedTask.run(TaskBatcher.java:188) [elasticsearch-6.4.2.jar:6.4.2]
	at org.elasticsearch.common.util.concurrent.ThreadContext$ContextPreservingRunnable.run(ThreadContext.java:624) [elasticsearch-6.4.2.jar:6.4.2]
	at org.elasticsearch.common.util.concurrent.PrioritizedEsThreadPoolExecutor$TieBreakingPrioritizedRunnable.runAndClean(PrioritizedEsThreadPoolExecutor.java:244) [elasticsearch-6.4.2.jar:6.4.2]
	at org.elasticsearch.common.util.concurrent.PrioritizedEsThreadPoolExecutor$TieBreakingPrioritizedRunnable.run(PrioritizedEsThreadPoolExecutor.java:207) [elasticsearch-6.4.2.jar:6.4.2]
	at java.util.concurrent.ThreadPoolExecutor.runWorker(ThreadPoolExecutor.java:1149) [?:1.8.0_181]
	at java.util.concurrent.ThreadPoolExecutor$Worker.run(ThreadPoolExecutor.java:624) [?:1.8.0_181]
	at java.lang.Thread.run(Thread.java:748) [?:1.8.0_181]
[2018-10-28T15:44:18,785][DEBUG][o.e.a.b.TransportShardBulkAction] [rodrigo][2] failed to execute bulk item (index) BulkShardRequest [[rodrigo][2]] containing [index {[rodrigo][gestion][2], source[{
  "campanaID":"2",
  "totalGestion":"100"
}
]}]
java.lang.IllegalArgumentException: Rejecting mapping update to [rodrigo] as the final mapping would have more than 1 type: [campana, gestion]
	at org.elasticsearch.index.mapper.MapperService.internalMerge(MapperService.java:407) ~[elasticsearch-6.4.2.jar:6.4.2]
	at org.elasticsearch.index.mapper.MapperService.internalMerge(MapperService.java:355) ~[elasticsearch-6.4.2.jar:6.4.2]
	at org.elasticsearch.index.mapper.MapperService.merge(MapperService.java:287) ~[elasticsearch-6.4.2.jar:6.4.2]
	at org.elasticsearch.cluster.metadata.MetaDataMappingService$PutMappingExecutor.applyRequest(MetaDataMappingService.java:312) ~[elasticsearch-6.4.2.jar:6.4.2]
	at org.elasticsearch.cluster.metadata.MetaDataMappingService$PutMappingExecutor.execute(MetaDataMappingService.java:229) ~[elasticsearch-6.4.2.jar:6.4.2]
	at org.elasticsearch.cluster.service.MasterService.executeTasks(MasterService.java:639) ~[elasticsearch-6.4.2.jar:6.4.2]
	at org.elasticsearch.cluster.service.MasterService.calculateTaskOutputs(MasterService.java:268) ~[elasticsearch-6.4.2.jar:6.4.2]
	at org.elasticsearch.cluster.service.MasterService.runTasks(MasterService.java:198) ~[elasticsearch-6.4.2.jar:6.4.2]
	at org.elasticsearch.cluster.service.MasterService$Batcher.run(MasterService.java:133) ~[elasticsearch-6.4.2.jar:6.4.2]
	at org.elasticsearch.cluster.service.TaskBatcher.runIfNotProcessed(TaskBatcher.java:150) ~[elasticsearch-6.4.2.jar:6.4.2]
	at org.elasticsearch.cluster.service.TaskBatcher$BatchedTask.run(TaskBatcher.java:188) ~[elasticsearch-6.4.2.jar:6.4.2]
	at org.elasticsearch.common.util.concurrent.ThreadContext$ContextPreservingRunnable.run(ThreadContext.java:624) ~[elasticsearch-6.4.2.jar:6.4.2]
	at org.elasticsearch.common.util.concurrent.PrioritizedEsThreadPoolExecutor$TieBreakingPrioritizedRunnable.runAndClean(PrioritizedEsThreadPoolExecutor.java:244) ~[elasticsearch-6.4.2.jar:6.4.2]
	at org.elasticsearch.common.util.concurrent.PrioritizedEsThreadPoolExecutor$TieBreakingPrioritizedRunnable.run(PrioritizedEsThreadPoolExecutor.java:207) ~[elasticsearch-6.4.2.jar:6.4.2]
	at java.util.concurrent.ThreadPoolExecutor.runWorker(ThreadPoolExecutor.java:1149) [?:1.8.0_181]
	at java.util.concurrent.ThreadPoolExecutor$Worker.run(ThreadPoolExecutor.java:624) [?:1.8.0_181]
	at java.lang.Thread.run(Thread.java:748) [?:1.8.0_181]
[2018-10-28T15:44:38,190][DEBUG][o.e.a.a.i.m.p.TransportPutMappingAction] [nrOpP2-] failed to put mappings on indices [[[rodrigo/4jQ-6Qi3TLuS2riJFLBeSw]]], type [gestion]
java.lang.IllegalArgumentException: Rejecting mapping update to [rodrigo] as the final mapping would have more than 1 type: [campana, gestion]
	at org.elasticsearch.index.mapper.MapperService.internalMerge(MapperService.java:407) ~[elasticsearch-6.4.2.jar:6.4.2]
	at org.elasticsearch.index.mapper.MapperService.internalMerge(MapperService.java:355) ~[elasticsearch-6.4.2.jar:6.4.2]
	at org.elasticsearch.index.mapper.MapperService.merge(MapperService.java:287) ~[elasticsearch-6.4.2.jar:6.4.2]
	at org.elasticsearch.cluster.metadata.MetaDataMappingService$PutMappingExecutor.applyRequest(MetaDataMappingService.java:312) ~[elasticsearch-6.4.2.jar:6.4.2]
	at org.elasticsearch.cluster.metadata.MetaDataMappingService$PutMappingExecutor.execute(MetaDataMappingService.java:229) ~[elasticsearch-6.4.2.jar:6.4.2]
	at org.elasticsearch.cluster.service.MasterService.executeTasks(MasterService.java:639) ~[elasticsearch-6.4.2.jar:6.4.2]
	at org.elasticsearch.cluster.service.MasterService.calculateTaskOutputs(MasterService.java:268) ~[elasticsearch-6.4.2.jar:6.4.2]
	at org.elasticsearch.cluster.service.MasterService.runTasks(MasterService.java:198) [elasticsearch-6.4.2.jar:6.4.2]
	at org.elasticsearch.cluster.service.MasterService$Batcher.run(MasterService.java:133) [elasticsearch-6.4.2.jar:6.4.2]
	at org.elasticsearch.cluster.service.TaskBatcher.runIfNotProcessed(TaskBatcher.java:150) [elasticsearch-6.4.2.jar:6.4.2]
	at org.elasticsearch.cluster.service.TaskBatcher$BatchedTask.run(TaskBatcher.java:188) [elasticsearch-6.4.2.jar:6.4.2]
	at org.elasticsearch.common.util.concurrent.ThreadContext$ContextPreservingRunnable.run(ThreadContext.java:624) [elasticsearch-6.4.2.jar:6.4.2]
	at org.elasticsearch.common.util.concurrent.PrioritizedEsThreadPoolExecutor$TieBreakingPrioritizedRunnable.runAndClean(PrioritizedEsThreadPoolExecutor.java:244) [elasticsearch-6.4.2.jar:6.4.2]
	at org.elasticsearch.common.util.concurrent.PrioritizedEsThreadPoolExecutor$TieBreakingPrioritizedRunnable.run(PrioritizedEsThreadPoolExecutor.java:207) [elasticsearch-6.4.2.jar:6.4.2]
	at java.util.concurrent.ThreadPoolExecutor.runWorker(ThreadPoolExecutor.java:1149) [?:1.8.0_181]
	at java.util.concurrent.ThreadPoolExecutor$Worker.run(ThreadPoolExecutor.java:624) [?:1.8.0_181]
	at java.lang.Thread.run(Thread.java:748) [?:1.8.0_181]
[2018-10-28T15:44:38,195][DEBUG][o.e.a.b.TransportShardBulkAction] [rodrigo][4] failed to execute bulk item (index) BulkShardRequest [[rodrigo][4]] containing [index {[rodrigo][gestion][3], source[{
  "campanaID":"2",
  "totalGestion":"100"
}
]}]
java.lang.IllegalArgumentException: Rejecting mapping update to [rodrigo] as the final mapping would have more than 1 type: [campana, gestion]
	at org.elasticsearch.index.mapper.MapperService.internalMerge(MapperService.java:407) ~[elasticsearch-6.4.2.jar:6.4.2]
	at org.elasticsearch.index.mapper.MapperService.internalMerge(MapperService.java:355) ~[elasticsearch-6.4.2.jar:6.4.2]
	at org.elasticsearch.index.mapper.MapperService.merge(MapperService.java:287) ~[elasticsearch-6.4.2.jar:6.4.2]
	at org.elasticsearch.cluster.metadata.MetaDataMappingService$PutMappingExecutor.applyRequest(MetaDataMappingService.java:312) ~[elasticsearch-6.4.2.jar:6.4.2]
	at org.elasticsearch.cluster.metadata.MetaDataMappingService$PutMappingExecutor.execute(MetaDataMappingService.java:229) ~[elasticsearch-6.4.2.jar:6.4.2]
	at org.elasticsearch.cluster.service.MasterService.executeTasks(MasterService.java:639) ~[elasticsearch-6.4.2.jar:6.4.2]
	at org.elasticsearch.cluster.service.MasterService.calculateTaskOutputs(MasterService.java:268) ~[elasticsearch-6.4.2.jar:6.4.2]
	at org.elasticsearch.cluster.service.MasterService.runTasks(MasterService.java:198) ~[elasticsearch-6.4.2.jar:6.4.2]
	at org.elasticsearch.cluster.service.MasterService$Batcher.run(MasterService.java:133) ~[elasticsearch-6.4.2.jar:6.4.2]
	at org.elasticsearch.cluster.service.TaskBatcher.runIfNotProcessed(TaskBatcher.java:150) ~[elasticsearch-6.4.2.jar:6.4.2]
	at org.elasticsearch.cluster.service.TaskBatcher$BatchedTask.run(TaskBatcher.java:188) ~[elasticsearch-6.4.2.jar:6.4.2]
	at org.elasticsearch.common.util.concurrent.ThreadContext$ContextPreservingRunnable.run(ThreadContext.java:624) ~[elasticsearch-6.4.2.jar:6.4.2]
	at org.elasticsearch.common.util.concurrent.PrioritizedEsThreadPoolExecutor$TieBreakingPrioritizedRunnable.runAndClean(PrioritizedEsThreadPoolExecutor.java:244) ~[elasticsearch-6.4.2.jar:6.4.2]
	at org.elasticsearch.common.util.concurrent.PrioritizedEsThreadPoolExecutor$TieBreakingPrioritizedRunnable.run(PrioritizedEsThreadPoolExecutor.java:207) ~[elasticsearch-6.4.2.jar:6.4.2]
	at java.util.concurrent.ThreadPoolExecutor.runWorker(ThreadPoolExecutor.java:1149) [?:1.8.0_181]
	at java.util.concurrent.ThreadPoolExecutor$Worker.run(ThreadPoolExecutor.java:624) [?:1.8.0_181]
	at java.lang.Thread.run(Thread.java:748) [?:1.8.0_181]
[2018-10-28T15:44:50,867][DEBUG][o.e.a.a.i.m.p.TransportPutMappingAction] [nrOpP2-] failed to put mappings on indices [[[rodrigo/4jQ-6Qi3TLuS2riJFLBeSw]]], type [gestion]
java.lang.IllegalArgumentException: Rejecting mapping update to [rodrigo] as the final mapping would have more than 1 type: [campana, gestion]
	at org.elasticsearch.index.mapper.MapperService.internalMerge(MapperService.java:407) ~[elasticsearch-6.4.2.jar:6.4.2]
	at org.elasticsearch.index.mapper.MapperService.internalMerge(MapperService.java:355) ~[elasticsearch-6.4.2.jar:6.4.2]
	at org.elasticsearch.index.mapper.MapperService.merge(MapperService.java:287) ~[elasticsearch-6.4.2.jar:6.4.2]
	at org.elasticsearch.cluster.metadata.MetaDataMappingService$PutMappingExecutor.applyRequest(MetaDataMappingService.java:312) ~[elasticsearch-6.4.2.jar:6.4.2]
	at org.elasticsearch.cluster.metadata.MetaDataMappingService$PutMappingExecutor.execute(MetaDataMappingService.java:229) ~[elasticsearch-6.4.2.jar:6.4.2]
	at org.elasticsearch.cluster.service.MasterService.executeTasks(MasterService.java:639) ~[elasticsearch-6.4.2.jar:6.4.2]
	at org.elasticsearch.cluster.service.MasterService.calculateTaskOutputs(MasterService.java:268) ~[elasticsearch-6.4.2.jar:6.4.2]
	at org.elasticsearch.cluster.service.MasterService.runTasks(MasterService.java:198) [elasticsearch-6.4.2.jar:6.4.2]
	at org.elasticsearch.cluster.service.MasterService$Batcher.run(MasterService.java:133) [elasticsearch-6.4.2.jar:6.4.2]
	at org.elasticsearch.cluster.service.TaskBatcher.runIfNotProcessed(TaskBatcher.java:150) [elasticsearch-6.4.2.jar:6.4.2]
	at org.elasticsearch.cluster.service.TaskBatcher$BatchedTask.run(TaskBatcher.java:188) [elasticsearch-6.4.2.jar:6.4.2]
	at org.elasticsearch.common.util.concurrent.ThreadContext$ContextPreservingRunnable.run(ThreadContext.java:624) [elasticsearch-6.4.2.jar:6.4.2]
	at org.elasticsearch.common.util.concurrent.PrioritizedEsThreadPoolExecutor$TieBreakingPrioritizedRunnable.runAndClean(PrioritizedEsThreadPoolExecutor.java:244) [elasticsearch-6.4.2.jar:6.4.2]
	at org.elasticsearch.common.util.concurrent.PrioritizedEsThreadPoolExecutor$TieBreakingPrioritizedRunnable.run(PrioritizedEsThreadPoolExecutor.java:207) [elasticsearch-6.4.2.jar:6.4.2]
	at java.util.concurrent.ThreadPoolExecutor.runWorker(ThreadPoolExecutor.java:1149) [?:1.8.0_181]
	at java.util.concurrent.ThreadPoolExecutor$Worker.run(ThreadPoolExecutor.java:624) [?:1.8.0_181]
	at java.lang.Thread.run(Thread.java:748) [?:1.8.0_181]
[2018-10-28T15:44:50,869][DEBUG][o.e.a.b.TransportShardBulkAction] [rodrigo][2] failed to execute bulk item (index) BulkShardRequest [[rodrigo][2]] containing [index {[rodrigo][gestion][2], source[{
  "gestionID":"2",
  "totalGestion":"100"
}
]}]
java.lang.IllegalArgumentException: Rejecting mapping update to [rodrigo] as the final mapping would have more than 1 type: [campana, gestion]
	at org.elasticsearch.index.mapper.MapperService.internalMerge(MapperService.java:407) ~[elasticsearch-6.4.2.jar:6.4.2]
	at org.elasticsearch.index.mapper.MapperService.internalMerge(MapperService.java:355) ~[elasticsearch-6.4.2.jar:6.4.2]
	at org.elasticsearch.index.mapper.MapperService.merge(MapperService.java:287) ~[elasticsearch-6.4.2.jar:6.4.2]
	at org.elasticsearch.cluster.metadata.MetaDataMappingService$PutMappingExecutor.applyRequest(MetaDataMappingService.java:312) ~[elasticsearch-6.4.2.jar:6.4.2]
	at org.elasticsearch.cluster.metadata.MetaDataMappingService$PutMappingExecutor.execute(MetaDataMappingService.java:229) ~[elasticsearch-6.4.2.jar:6.4.2]
	at org.elasticsearch.cluster.service.MasterService.executeTasks(MasterService.java:639) ~[elasticsearch-6.4.2.jar:6.4.2]
	at org.elasticsearch.cluster.service.MasterService.calculateTaskOutputs(MasterService.java:268) ~[elasticsearch-6.4.2.jar:6.4.2]
	at org.elasticsearch.cluster.service.MasterService.runTasks(MasterService.java:198) ~[elasticsearch-6.4.2.jar:6.4.2]
	at org.elasticsearch.cluster.service.MasterService$Batcher.run(MasterService.java:133) ~[elasticsearch-6.4.2.jar:6.4.2]
	at org.elasticsearch.cluster.service.TaskBatcher.runIfNotProcessed(TaskBatcher.java:150) ~[elasticsearch-6.4.2.jar:6.4.2]
	at org.elasticsearch.cluster.service.TaskBatcher$BatchedTask.run(TaskBatcher.java:188) ~[elasticsearch-6.4.2.jar:6.4.2]
	at org.elasticsearch.common.util.concurrent.ThreadContext$ContextPreservingRunnable.run(ThreadContext.java:624) ~[elasticsearch-6.4.2.jar:6.4.2]
	at org.elasticsearch.common.util.concurrent.PrioritizedEsThreadPoolExecutor$TieBreakingPrioritizedRunnable.runAndClean(PrioritizedEsThreadPoolExecutor.java:244) ~[elasticsearch-6.4.2.jar:6.4.2]
	at org.elasticsearch.common.util.concurrent.PrioritizedEsThreadPoolExecutor$TieBreakingPrioritizedRunnable.run(PrioritizedEsThreadPoolExecutor.java:207) ~[elasticsearch-6.4.2.jar:6.4.2]
	at java.util.concurrent.ThreadPoolExecutor.runWorker(ThreadPoolExecutor.java:1149) [?:1.8.0_181]
	at java.util.concurrent.ThreadPoolExecutor$Worker.run(ThreadPoolExecutor.java:624) [?:1.8.0_181]
	at java.lang.Thread.run(Thread.java:748) [?:1.8.0_181]
[2018-10-28T15:46:48,954][DEBUG][o.e.a.a.i.m.p.TransportPutMappingAction] [nrOpP2-] failed to put mappings on indices [[[rodrigo/4jQ-6Qi3TLuS2riJFLBeSw]]], type [gestion]
java.lang.IllegalArgumentException: Rejecting mapping update to [rodrigo] as the final mapping would have more than 1 type: [campana, gestion]
	at org.elasticsearch.index.mapper.MapperService.internalMerge(MapperService.java:407) ~[elasticsearch-6.4.2.jar:6.4.2]
	at org.elasticsearch.index.mapper.MapperService.internalMerge(MapperService.java:355) ~[elasticsearch-6.4.2.jar:6.4.2]
	at org.elasticsearch.index.mapper.MapperService.merge(MapperService.java:287) ~[elasticsearch-6.4.2.jar:6.4.2]
	at org.elasticsearch.cluster.metadata.MetaDataMappingService$PutMappingExecutor.applyRequest(MetaDataMappingService.java:312) ~[elasticsearch-6.4.2.jar:6.4.2]
	at org.elasticsearch.cluster.metadata.MetaDataMappingService$PutMappingExecutor.execute(MetaDataMappingService.java:229) ~[elasticsearch-6.4.2.jar:6.4.2]
	at org.elasticsearch.cluster.service.MasterService.executeTasks(MasterService.java:639) ~[elasticsearch-6.4.2.jar:6.4.2]
	at org.elasticsearch.cluster.service.MasterService.calculateTaskOutputs(MasterService.java:268) ~[elasticsearch-6.4.2.jar:6.4.2]
	at org.elasticsearch.cluster.service.MasterService.runTasks(MasterService.java:198) [elasticsearch-6.4.2.jar:6.4.2]
	at org.elasticsearch.cluster.service.MasterService$Batcher.run(MasterService.java:133) [elasticsearch-6.4.2.jar:6.4.2]
	at org.elasticsearch.cluster.service.TaskBatcher.runIfNotProcessed(TaskBatcher.java:150) [elasticsearch-6.4.2.jar:6.4.2]
	at org.elasticsearch.cluster.service.TaskBatcher$BatchedTask.run(TaskBatcher.java:188) [elasticsearch-6.4.2.jar:6.4.2]
	at org.elasticsearch.common.util.concurrent.ThreadContext$ContextPreservingRunnable.run(ThreadContext.java:624) [elasticsearch-6.4.2.jar:6.4.2]
	at org.elasticsearch.common.util.concurrent.PrioritizedEsThreadPoolExecutor$TieBreakingPrioritizedRunnable.runAndClean(PrioritizedEsThreadPoolExecutor.java:244) [elasticsearch-6.4.2.jar:6.4.2]
	at org.elasticsearch.common.util.concurrent.PrioritizedEsThreadPoolExecutor$TieBreakingPrioritizedRunnable.run(PrioritizedEsThreadPoolExecutor.java:207) [elasticsearch-6.4.2.jar:6.4.2]
	at java.util.concurrent.ThreadPoolExecutor.runWorker(ThreadPoolExecutor.java:1149) [?:1.8.0_181]
	at java.util.concurrent.ThreadPoolExecutor$Worker.run(ThreadPoolExecutor.java:624) [?:1.8.0_181]
	at java.lang.Thread.run(Thread.java:748) [?:1.8.0_181]
[2018-10-28T15:46:48,955][DEBUG][o.e.a.b.TransportShardBulkAction] [rodrigo][2] failed to execute bulk item (index) BulkShardRequest [[rodrigo][2]] containing [index {[rodrigo][gestion][2], source[{
  "gestionID":"2",
  "totalGestion":"100"
}
]}]
java.lang.IllegalArgumentException: Rejecting mapping update to [rodrigo] as the final mapping would have more than 1 type: [campana, gestion]
	at org.elasticsearch.index.mapper.MapperService.internalMerge(MapperService.java:407) ~[elasticsearch-6.4.2.jar:6.4.2]
	at org.elasticsearch.index.mapper.MapperService.internalMerge(MapperService.java:355) ~[elasticsearch-6.4.2.jar:6.4.2]
	at org.elasticsearch.index.mapper.MapperService.merge(MapperService.java:287) ~[elasticsearch-6.4.2.jar:6.4.2]
	at org.elasticsearch.cluster.metadata.MetaDataMappingService$PutMappingExecutor.applyRequest(MetaDataMappingService.java:312) ~[elasticsearch-6.4.2.jar:6.4.2]
	at org.elasticsearch.cluster.metadata.MetaDataMappingService$PutMappingExecutor.execute(MetaDataMappingService.java:229) ~[elasticsearch-6.4.2.jar:6.4.2]
	at org.elasticsearch.cluster.service.MasterService.executeTasks(MasterService.java:639) ~[elasticsearch-6.4.2.jar:6.4.2]
	at org.elasticsearch.cluster.service.MasterService.calculateTaskOutputs(MasterService.java:268) ~[elasticsearch-6.4.2.jar:6.4.2]
	at org.elasticsearch.cluster.service.MasterService.runTasks(MasterService.java:198) ~[elasticsearch-6.4.2.jar:6.4.2]
	at org.elasticsearch.cluster.service.MasterService$Batcher.run(MasterService.java:133) ~[elasticsearch-6.4.2.jar:6.4.2]
	at org.elasticsearch.cluster.service.TaskBatcher.runIfNotProcessed(TaskBatcher.java:150) ~[elasticsearch-6.4.2.jar:6.4.2]
	at org.elasticsearch.cluster.service.TaskBatcher$BatchedTask.run(TaskBatcher.java:188) ~[elasticsearch-6.4.2.jar:6.4.2]
	at org.elasticsearch.common.util.concurrent.ThreadContext$ContextPreservingRunnable.run(ThreadContext.java:624) ~[elasticsearch-6.4.2.jar:6.4.2]
	at org.elasticsearch.common.util.concurrent.PrioritizedEsThreadPoolExecutor$TieBreakingPrioritizedRunnable.runAndClean(PrioritizedEsThreadPoolExecutor.java:244) ~[elasticsearch-6.4.2.jar:6.4.2]
	at org.elasticsearch.common.util.concurrent.PrioritizedEsThreadPoolExecutor$TieBreakingPrioritizedRunnable.run(PrioritizedEsThreadPoolExecutor.java:207) ~[elasticsearch-6.4.2.jar:6.4.2]
	at java.util.concurrent.ThreadPoolExecutor.runWorker(ThreadPoolExecutor.java:1149) [?:1.8.0_181]
	at java.util.concurrent.ThreadPoolExecutor$Worker.run(ThreadPoolExecutor.java:624) [?:1.8.0_181]
	at java.lang.Thread.run(Thread.java:748) [?:1.8.0_181]
[2018-10-28T15:50:22,864][DEBUG][o.e.a.a.i.m.p.TransportPutMappingAction] [nrOpP2-] failed to put mappings on indices [[[rodrigo/4jQ-6Qi3TLuS2riJFLBeSw]]], type [gestion]
java.lang.IllegalArgumentException: Rejecting mapping update to [rodrigo] as the final mapping would have more than 1 type: [campana, gestion]
	at org.elasticsearch.index.mapper.MapperService.internalMerge(MapperService.java:407) ~[elasticsearch-6.4.2.jar:6.4.2]
	at org.elasticsearch.index.mapper.MapperService.internalMerge(MapperService.java:355) ~[elasticsearch-6.4.2.jar:6.4.2]
	at org.elasticsearch.index.mapper.MapperService.merge(MapperService.java:287) ~[elasticsearch-6.4.2.jar:6.4.2]
	at org.elasticsearch.cluster.metadata.MetaDataMappingService$PutMappingExecutor.applyRequest(MetaDataMappingService.java:312) ~[elasticsearch-6.4.2.jar:6.4.2]
	at org.elasticsearch.cluster.metadata.MetaDataMappingService$PutMappingExecutor.execute(MetaDataMappingService.java:229) ~[elasticsearch-6.4.2.jar:6.4.2]
	at org.elasticsearch.cluster.service.MasterService.executeTasks(MasterService.java:639) ~[elasticsearch-6.4.2.jar:6.4.2]
	at org.elasticsearch.cluster.service.MasterService.calculateTaskOutputs(MasterService.java:268) ~[elasticsearch-6.4.2.jar:6.4.2]
	at org.elasticsearch.cluster.service.MasterService.runTasks(MasterService.java:198) [elasticsearch-6.4.2.jar:6.4.2]
	at org.elasticsearch.cluster.service.MasterService$Batcher.run(MasterService.java:133) [elasticsearch-6.4.2.jar:6.4.2]
	at org.elasticsearch.cluster.service.TaskBatcher.runIfNotProcessed(TaskBatcher.java:150) [elasticsearch-6.4.2.jar:6.4.2]
	at org.elasticsearch.cluster.service.TaskBatcher$BatchedTask.run(TaskBatcher.java:188) [elasticsearch-6.4.2.jar:6.4.2]
	at org.elasticsearch.common.util.concurrent.ThreadContext$ContextPreservingRunnable.run(ThreadContext.java:624) [elasticsearch-6.4.2.jar:6.4.2]
	at org.elasticsearch.common.util.concurrent.PrioritizedEsThreadPoolExecutor$TieBreakingPrioritizedRunnable.runAndClean(PrioritizedEsThreadPoolExecutor.java:244) [elasticsearch-6.4.2.jar:6.4.2]
	at org.elasticsearch.common.util.concurrent.PrioritizedEsThreadPoolExecutor$TieBreakingPrioritizedRunnable.run(PrioritizedEsThreadPoolExecutor.java:207) [elasticsearch-6.4.2.jar:6.4.2]
	at java.util.concurrent.ThreadPoolExecutor.runWorker(ThreadPoolExecutor.java:1149) [?:1.8.0_181]
	at java.util.concurrent.ThreadPoolExecutor$Worker.run(ThreadPoolExecutor.java:624) [?:1.8.0_181]
	at java.lang.Thread.run(Thread.java:748) [?:1.8.0_181]
[2018-10-28T15:50:22,873][DEBUG][o.e.a.b.TransportShardBulkAction] [rodrigo][2] failed to execute bulk item (index) BulkShardRequest [[rodrigo][2]] containing [index {[rodrigo][gestion][2], source[{
  "gestionID":"2",
  "totalGestion":"100"
}
]}]
java.lang.IllegalArgumentException: Rejecting mapping update to [rodrigo] as the final mapping would have more than 1 type: [campana, gestion]
	at org.elasticsearch.index.mapper.MapperService.internalMerge(MapperService.java:407) ~[elasticsearch-6.4.2.jar:6.4.2]
	at org.elasticsearch.index.mapper.MapperService.internalMerge(MapperService.java:355) ~[elasticsearch-6.4.2.jar:6.4.2]
	at org.elasticsearch.index.mapper.MapperService.merge(MapperService.java:287) ~[elasticsearch-6.4.2.jar:6.4.2]
	at org.elasticsearch.cluster.metadata.MetaDataMappingService$PutMappingExecutor.applyRequest(MetaDataMappingService.java:312) ~[elasticsearch-6.4.2.jar:6.4.2]
	at org.elasticsearch.cluster.metadata.MetaDataMappingService$PutMappingExecutor.execute(MetaDataMappingService.java:229) ~[elasticsearch-6.4.2.jar:6.4.2]
	at org.elasticsearch.cluster.service.MasterService.executeTasks(MasterService.java:639) ~[elasticsearch-6.4.2.jar:6.4.2]
	at org.elasticsearch.cluster.service.MasterService.calculateTaskOutputs(MasterService.java:268) ~[elasticsearch-6.4.2.jar:6.4.2]
	at org.elasticsearch.cluster.service.MasterService.runTasks(MasterService.java:198) ~[elasticsearch-6.4.2.jar:6.4.2]
	at org.elasticsearch.cluster.service.MasterService$Batcher.run(MasterService.java:133) ~[elasticsearch-6.4.2.jar:6.4.2]
	at org.elasticsearch.cluster.service.TaskBatcher.runIfNotProcessed(TaskBatcher.java:150) ~[elasticsearch-6.4.2.jar:6.4.2]
	at org.elasticsearch.cluster.service.TaskBatcher$BatchedTask.run(TaskBatcher.java:188) ~[elasticsearch-6.4.2.jar:6.4.2]
	at org.elasticsearch.common.util.concurrent.ThreadContext$ContextPreservingRunnable.run(ThreadContext.java:624) ~[elasticsearch-6.4.2.jar:6.4.2]
	at org.elasticsearch.common.util.concurrent.PrioritizedEsThreadPoolExecutor$TieBreakingPrioritizedRunnable.runAndClean(PrioritizedEsThreadPoolExecutor.java:244) ~[elasticsearch-6.4.2.jar:6.4.2]
	at org.elasticsearch.common.util.concurrent.PrioritizedEsThreadPoolExecutor$TieBreakingPrioritizedRunnable.run(PrioritizedEsThreadPoolExecutor.java:207) ~[elasticsearch-6.4.2.jar:6.4.2]
	at java.util.concurrent.ThreadPoolExecutor.runWorker(ThreadPoolExecutor.java:1149) [?:1.8.0_181]
	at java.util.concurrent.ThreadPoolExecutor$Worker.run(ThreadPoolExecutor.java:624) [?:1.8.0_181]
	at java.lang.Thread.run(Thread.java:748) [?:1.8.0_181]
[2018-10-28T15:52:29,084][INFO ][o.e.c.m.MetaDataCreateIndexService] [nrOpP2-] [reup] creating index, cause [api], templates [], shards [5]/[1], mappings []
[2018-10-28T15:52:33,712][INFO ][o.e.c.m.MetaDataMappingService] [nrOpP2-] [reup/I3YhEnDLSdyVzwKuNjIEzw] create_mapping [gestion]
[2018-10-28T15:52:37,847][DEBUG][o.e.a.a.i.m.p.TransportPutMappingAction] [nrOpP2-] failed to put mappings on indices [[[reup/I3YhEnDLSdyVzwKuNjIEzw]]], type [campana]
java.lang.IllegalArgumentException: Rejecting mapping update to [reup] as the final mapping would have more than 1 type: [campana, gestion]
	at org.elasticsearch.index.mapper.MapperService.internalMerge(MapperService.java:407) ~[elasticsearch-6.4.2.jar:6.4.2]
	at org.elasticsearch.index.mapper.MapperService.internalMerge(MapperService.java:355) ~[elasticsearch-6.4.2.jar:6.4.2]
	at org.elasticsearch.index.mapper.MapperService.merge(MapperService.java:287) ~[elasticsearch-6.4.2.jar:6.4.2]
	at org.elasticsearch.cluster.metadata.MetaDataMappingService$PutMappingExecutor.applyRequest(MetaDataMappingService.java:312) ~[elasticsearch-6.4.2.jar:6.4.2]
	at org.elasticsearch.cluster.metadata.MetaDataMappingService$PutMappingExecutor.execute(MetaDataMappingService.java:229) ~[elasticsearch-6.4.2.jar:6.4.2]
	at org.elasticsearch.cluster.service.MasterService.executeTasks(MasterService.java:639) ~[elasticsearch-6.4.2.jar:6.4.2]
	at org.elasticsearch.cluster.service.MasterService.calculateTaskOutputs(MasterService.java:268) ~[elasticsearch-6.4.2.jar:6.4.2]
	at org.elasticsearch.cluster.service.MasterService.runTasks(MasterService.java:198) [elasticsearch-6.4.2.jar:6.4.2]
	at org.elasticsearch.cluster.service.MasterService$Batcher.run(MasterService.java:133) [elasticsearch-6.4.2.jar:6.4.2]
	at org.elasticsearch.cluster.service.TaskBatcher.runIfNotProcessed(TaskBatcher.java:150) [elasticsearch-6.4.2.jar:6.4.2]
	at org.elasticsearch.cluster.service.TaskBatcher$BatchedTask.run(TaskBatcher.java:188) [elasticsearch-6.4.2.jar:6.4.2]
	at org.elasticsearch.common.util.concurrent.ThreadContext$ContextPreservingRunnable.run(ThreadContext.java:624) [elasticsearch-6.4.2.jar:6.4.2]
	at org.elasticsearch.common.util.concurrent.PrioritizedEsThreadPoolExecutor$TieBreakingPrioritizedRunnable.runAndClean(PrioritizedEsThreadPoolExecutor.java:244) [elasticsearch-6.4.2.jar:6.4.2]
	at org.elasticsearch.common.util.concurrent.PrioritizedEsThreadPoolExecutor$TieBreakingPrioritizedRunnable.run(PrioritizedEsThreadPoolExecutor.java:207) [elasticsearch-6.4.2.jar:6.4.2]
	at java.util.concurrent.ThreadPoolExecutor.runWorker(ThreadPoolExecutor.java:1149) [?:1.8.0_181]
	at java.util.concurrent.ThreadPoolExecutor$Worker.run(ThreadPoolExecutor.java:624) [?:1.8.0_181]
	at java.lang.Thread.run(Thread.java:748) [?:1.8.0_181]
[2018-10-28T15:52:37,849][DEBUG][o.e.a.b.TransportShardBulkAction] [reup][2] failed to execute bulk item (index) BulkShardRequest [[reup][2]] containing [index {[reup][campana][2], source[{
  "campanaID":"2",
  "name":"500"
}
]}]
java.lang.IllegalArgumentException: Rejecting mapping update to [reup] as the final mapping would have more than 1 type: [campana, gestion]
	at org.elasticsearch.index.mapper.MapperService.internalMerge(MapperService.java:407) ~[elasticsearch-6.4.2.jar:6.4.2]
	at org.elasticsearch.index.mapper.MapperService.internalMerge(MapperService.java:355) ~[elasticsearch-6.4.2.jar:6.4.2]
	at org.elasticsearch.index.mapper.MapperService.merge(MapperService.java:287) ~[elasticsearch-6.4.2.jar:6.4.2]
	at org.elasticsearch.cluster.metadata.MetaDataMappingService$PutMappingExecutor.applyRequest(MetaDataMappingService.java:312) ~[elasticsearch-6.4.2.jar:6.4.2]
	at org.elasticsearch.cluster.metadata.MetaDataMappingService$PutMappingExecutor.execute(MetaDataMappingService.java:229) ~[elasticsearch-6.4.2.jar:6.4.2]
	at org.elasticsearch.cluster.service.MasterService.executeTasks(MasterService.java:639) ~[elasticsearch-6.4.2.jar:6.4.2]
	at org.elasticsearch.cluster.service.MasterService.calculateTaskOutputs(MasterService.java:268) ~[elasticsearch-6.4.2.jar:6.4.2]
	at org.elasticsearch.cluster.service.MasterService.runTasks(MasterService.java:198) ~[elasticsearch-6.4.2.jar:6.4.2]
	at org.elasticsearch.cluster.service.MasterService$Batcher.run(MasterService.java:133) ~[elasticsearch-6.4.2.jar:6.4.2]
	at org.elasticsearch.cluster.service.TaskBatcher.runIfNotProcessed(TaskBatcher.java:150) ~[elasticsearch-6.4.2.jar:6.4.2]
	at org.elasticsearch.cluster.service.TaskBatcher$BatchedTask.run(TaskBatcher.java:188) ~[elasticsearch-6.4.2.jar:6.4.2]
	at org.elasticsearch.common.util.concurrent.ThreadContext$ContextPreservingRunnable.run(ThreadContext.java:624) ~[elasticsearch-6.4.2.jar:6.4.2]
	at org.elasticsearch.common.util.concurrent.PrioritizedEsThreadPoolExecutor$TieBreakingPrioritizedRunnable.runAndClean(PrioritizedEsThreadPoolExecutor.java:244) ~[elasticsearch-6.4.2.jar:6.4.2]
	at org.elasticsearch.common.util.concurrent.PrioritizedEsThreadPoolExecutor$TieBreakingPrioritizedRunnable.run(PrioritizedEsThreadPoolExecutor.java:207) ~[elasticsearch-6.4.2.jar:6.4.2]
	at java.util.concurrent.ThreadPoolExecutor.runWorker(ThreadPoolExecutor.java:1149) [?:1.8.0_181]
	at java.util.concurrent.ThreadPoolExecutor$Worker.run(ThreadPoolExecutor.java:624) [?:1.8.0_181]
	at java.lang.Thread.run(Thread.java:748) [?:1.8.0_181]
[2018-10-28T15:52:50,496][INFO ][o.e.c.m.MetaDataIndexTemplateService] [nrOpP2-] adding template [kibana_index_template:.kibana] for index patterns [.kibana]
[2018-10-28T15:52:51,180][INFO ][o.e.c.m.MetaDataIndexTemplateService] [nrOpP2-] adding template [kibana_index_template:.kibana] for index patterns [.kibana]
[2018-10-28T15:52:51,204][INFO ][o.e.c.m.MetaDataMappingService] [nrOpP2-] [.kibana/I4ur7sKSRymjsVYYSJDsxg] update_mapping [doc]
[2018-10-28T15:52:52,455][INFO ][o.e.c.m.MetaDataIndexTemplateService] [nrOpP2-] adding template [kibana_index_template:.kibana] for index patterns [.kibana]
[2018-10-28T15:56:17,176][INFO ][o.e.c.m.MetaDataIndexTemplateService] [nrOpP2-] adding template [kibana_index_template:.kibana] for index patterns [.kibana]
[2018-10-28T15:59:16,083][INFO ][o.e.c.m.MetaDataIndexTemplateService] [nrOpP2-] adding template [kibana_index_template:.kibana] for index patterns [.kibana]
[2018-10-28T16:00:14,912][INFO ][o.e.c.m.MetaDataIndexTemplateService] [nrOpP2-] adding template [kibana_index_template:.kibana] for index patterns [.kibana]
[2018-10-28T16:00:14,937][INFO ][o.e.c.m.MetaDataMappingService] [nrOpP2-] [.kibana/I4ur7sKSRymjsVYYSJDsxg] update_mapping [doc]
[2018-10-28T16:01:35,214][INFO ][o.e.c.m.MetaDataIndexTemplateService] [nrOpP2-] adding template [kibana_index_template:.kibana] for index patterns [.kibana]
[2018-10-28T16:01:35,561][INFO ][o.e.c.m.MetaDataIndexTemplateService] [nrOpP2-] adding template [kibana_index_template:.kibana] for index patterns [.kibana]
[2018-10-28T16:01:59,067][INFO ][o.e.c.m.MetaDataIndexTemplateService] [nrOpP2-] adding template [kibana_index_template:.kibana] for index patterns [.kibana]
[2018-10-28T16:02:27,134][INFO ][o.e.c.m.MetaDataIndexTemplateService] [nrOpP2-] adding template [kibana_index_template:.kibana] for index patterns [.kibana]
[2018-10-28T16:24:03,133][INFO ][o.e.c.m.MetaDataCreateIndexService] [nrOpP2-] [geincos] creating index, cause [auto(bulk api)], templates [], shards [5]/[1], mappings []
[2018-10-28T16:24:05,553][INFO ][o.e.c.m.MetaDataMappingService] [nrOpP2-] [geincos/6IgTi702QXqVETMffFc7lw] create_mapping [campanaGestion]
[2018-10-28T16:35:15,793][INFO ][o.e.c.m.MetaDataCreateIndexService] [nrOpP2-] [gestion] creating index, cause [auto(bulk api)], templates [], shards [5]/[1], mappings []
[2018-10-28T16:35:18,603][INFO ][o.e.c.m.MetaDataMappingService] [nrOpP2-] [gestion/TILKwD2kTjCDmBymorIaFw] create_mapping [gein]
[2018-10-28T16:36:28,767][INFO ][o.e.c.m.MetaDataIndexTemplateService] [nrOpP2-] adding template [kibana_index_template:.kibana] for index patterns [.kibana]
[2018-10-28T16:36:30,026][INFO ][o.e.c.m.MetaDataIndexTemplateService] [nrOpP2-] adding template [kibana_index_template:.kibana] for index patterns [.kibana]
[2018-10-28T16:36:43,338][INFO ][o.e.c.m.MetaDataIndexTemplateService] [nrOpP2-] adding template [kibana_index_template:.kibana] for index patterns [.kibana]
[2018-10-28T17:03:37,242][INFO ][o.e.c.m.MetaDataIndexTemplateService] [nrOpP2-] adding template [kibana_index_template:.kibana] for index patterns [.kibana]
[2018-10-28T17:03:50,052][INFO ][o.e.c.m.MetaDataIndexTemplateService] [nrOpP2-] adding template [kibana_index_template:.kibana] for index patterns [.kibana]
[2018-10-28T19:45:14,748][INFO ][o.e.c.m.MetaDataIndexTemplateService] [nrOpP2-] adding template [kibana_index_template:.kibana] for index patterns [.kibana]
[2018-10-28T19:45:50,142][INFO ][o.e.c.m.MetaDataIndexTemplateService] [nrOpP2-] adding template [kibana_index_template:.kibana] for index patterns [.kibana]
[2018-10-28T19:47:55,428][INFO ][o.e.c.m.MetaDataIndexTemplateService] [nrOpP2-] adding template [kibana_index_template:.kibana] for index patterns [.kibana]
[2018-10-28T19:50:43,672][INFO ][o.e.c.m.MetaDataIndexTemplateService] [nrOpP2-] adding template [kibana_index_template:.kibana] for index patterns [.kibana]
[2018-10-28T19:50:43,686][INFO ][o.e.c.m.MetaDataIndexTemplateService] [nrOpP2-] adding template [kibana_index_template:.kibana] for index patterns [.kibana]
[2018-10-28T19:52:45,097][INFO ][o.e.c.m.MetaDataIndexTemplateService] [nrOpP2-] adding template [kibana_index_template:.kibana] for index patterns [.kibana]
[2018-10-28T19:53:49,135][INFO ][o.e.c.m.MetaDataIndexTemplateService] [nrOpP2-] adding template [kibana_index_template:.kibana] for index patterns [.kibana]
[2018-10-28T19:54:18,487][INFO ][o.e.c.m.MetaDataIndexTemplateService] [nrOpP2-] adding template [kibana_index_template:.kibana] for index patterns [.kibana]
[2018-10-28T19:55:38,132][INFO ][o.e.c.m.MetaDataIndexTemplateService] [nrOpP2-] adding template [kibana_index_template:.kibana] for index patterns [.kibana]
[2018-10-28T19:57:04,048][INFO ][o.e.c.m.MetaDataIndexTemplateService] [nrOpP2-] adding template [kibana_index_template:.kibana] for index patterns [.kibana]
[2018-10-28T20:01:13,632][INFO ][o.e.c.m.MetaDataIndexTemplateService] [nrOpP2-] adding template [kibana_index_template:.kibana] for index patterns [.kibana]
[2018-10-28T20:04:06,642][INFO ][o.e.c.m.MetaDataIndexTemplateService] [nrOpP2-] adding template [kibana_index_template:.kibana] for index patterns [.kibana]
[2018-10-28T20:04:47,572][INFO ][o.e.c.m.MetaDataIndexTemplateService] [nrOpP2-] adding template [kibana_index_template:.kibana] for index patterns [.kibana]
[2018-10-28T20:04:51,977][INFO ][o.e.c.m.MetaDataIndexTemplateService] [nrOpP2-] adding template [kibana_index_template:.kibana] for index patterns [.kibana]
[2018-10-28T20:10:12,361][INFO ][o.e.c.m.MetaDataIndexTemplateService] [nrOpP2-] adding template [kibana_index_template:.kibana] for index patterns [.kibana]
[2018-10-28T20:11:25,034][INFO ][o.e.c.m.MetaDataIndexTemplateService] [nrOpP2-] adding template [kibana_index_template:.kibana] for index patterns [.kibana]
[2018-10-28T20:11:32,423][INFO ][o.e.c.m.MetaDataIndexTemplateService] [nrOpP2-] adding template [kibana_index_template:.kibana] for index patterns [.kibana]
[2018-10-28T20:12:48,737][INFO ][o.e.c.m.MetaDataIndexTemplateService] [nrOpP2-] adding template [kibana_index_template:.kibana] for index patterns [.kibana]
[2018-10-28T20:13:38,711][INFO ][o.e.c.m.MetaDataIndexTemplateService] [nrOpP2-] adding template [kibana_index_template:.kibana] for index patterns [.kibana]
[2018-10-28T20:14:42,487][INFO ][o.e.c.m.MetaDataIndexTemplateService] [nrOpP2-] adding template [kibana_index_template:.kibana] for index patterns [.kibana]
[2018-10-28T20:15:14,025][INFO ][o.e.c.m.MetaDataIndexTemplateService] [nrOpP2-] adding template [kibana_index_template:.kibana] for index patterns [.kibana]
[2018-10-28T20:32:43,580][INFO ][o.e.x.m.j.p.NativeController] Native controller process has stopped - no new native processes can be started
[2018-10-28T20:32:43,621][INFO ][o.e.n.Node               ] [nrOpP2-] stopping ...
[2018-10-28T20:32:43,685][INFO ][o.e.x.w.WatcherService   ] [nrOpP2-] stopping watch service, reason [shutdown initiated]
[2018-10-28T20:32:44,290][INFO ][o.e.n.Node               ] [nrOpP2-] stopped
[2018-10-28T20:32:44,291][INFO ][o.e.n.Node               ] [nrOpP2-] closing ...
[2018-10-28T20:32:44,356][INFO ][o.e.n.Node               ] [nrOpP2-] closed
